Generated at 2014-01-13 16:19:52 +0700
Chef::Exceptions::CookbookNotFound: Cookbook git not found. If you're loading git from another cookbook, make sure you configure the dependency in your metadata
C:/opscode/chef/embedded/lib/ruby/gems/1.9.1/gems/chef-11.8.2-x86-mingw32/lib/chef/cookbook/cookbook_collection.rb:38:in `block in initialize'
C:/opscode/chef/embedded/lib/ruby/gems/1.9.1/gems/ohai-6.20.0/lib/ohai/mash.rb:77:in `yield'
C:/opscode/chef/embedded/lib/ruby/gems/1.9.1/gems/ohai-6.20.0/lib/ohai/mash.rb:77:in `default'
C:/opscode/chef/embedded/lib/ruby/gems/1.9.1/gems/ohai-6.20.0/lib/ohai/mash.rb:77:in `default'
C:/opscode/chef/embedded/lib/ruby/gems/1.9.1/gems/chef-11.8.2-x86-mingw32/lib/chef/run_context/cookbook_compiler.rb:265:in `[]'
C:/opscode/chef/embedded/lib/ruby/gems/1.9.1/gems/chef-11.8.2-x86-mingw32/lib/chef/run_context/cookbook_compiler.rb:265:in `each_cookbook_dep'
C:/opscode/chef/embedded/lib/ruby/gems/1.9.1/gems/chef-11.8.2-x86-mingw32/lib/chef/run_context/cookbook_compiler.rb:243:in `add_cookbook_with_deps'
C:/opscode/chef/embedded/lib/ruby/gems/1.9.1/gems/chef-11.8.2-x86-mingw32/lib/chef/run_context/cookbook_compiler.rb:87:in `block in cookbook_order'
C:/opscode/chef/embedded/lib/ruby/gems/1.9.1/gems/chef-11.8.2-x86-mingw32/lib/chef/run_context/cookbook_compiler.rb:85:in `each'
C:/opscode/chef/embedded/lib/ruby/gems/1.9.1/gems/chef-11.8.2-x86-mingw32/lib/chef/run_context/cookbook_compiler.rb:85:in `cookbook_order'
C:/opscode/chef/embedded/lib/ruby/gems/1.9.1/gems/chef-11.8.2-x86-mingw32/lib/chef/run_context/cookbook_compiler.rb:97:in `compile_libraries'
C:/opscode/chef/embedded/lib/ruby/gems/1.9.1/gems/chef-11.8.2-x86-mingw32/lib/chef/run_context/cookbook_compiler.rb:70:in `compile'
C:/opscode/chef/embedded/lib/ruby/gems/1.9.1/gems/chef-11.8.2-x86-mingw32/lib/chef/run_context.rb:86:in `load'
C:/opscode/chef/embedded/lib/ruby/gems/1.9.1/gems/chef-11.8.2-x86-mingw32/lib/chef/client.rb:250:in `setup_run_context'
C:/opscode/chef/embedded/lib/ruby/gems/1.9.1/gems/chef-11.8.2-x86-mingw32/lib/chef/client.rb:498:in `do_run'
C:/opscode/chef/embedded/lib/ruby/gems/1.9.1/gems/chef-11.8.2-x86-mingw32/lib/chef/client.rb:213:in `run'
C:/opscode/chef/embedded/lib/ruby/gems/1.9.1/gems/chef-11.8.2-x86-mingw32/lib/chef/application.rb:208:in `run_chef_client'
C:/opscode/chef/embedded/lib/ruby/gems/1.9.1/gems/chef-11.8.2-x86-mingw32/lib/chef/application/solo.rb:221:in `block in run_application'
C:/opscode/chef/embedded/lib/ruby/gems/1.9.1/gems/chef-11.8.2-x86-mingw32/lib/chef/application/solo.rb:213:in `loop'
C:/opscode/chef/embedded/lib/ruby/gems/1.9.1/gems/chef-11.8.2-x86-mingw32/lib/chef/application/solo.rb:213:in `run_application'
C:/opscode/chef/embedded/lib/ruby/gems/1.9.1/gems/chef-11.8.2-x86-mingw32/lib/chef/application.rb:66:in `run'
C:/opscode/chef/embedded/lib/ruby/gems/1.9.1/gems/chef-11.8.2-x86-mingw32/bin/chef-solo:25:in `<top (required)>'
C:/opscode/chef/bin/chef-solo:23:in `load'
C:/opscode/chef/bin/chef-solo:23:in `<main>'